1.png
/home/tadween/images/800//1.png
found: 8 lines on page 1
found: 7 ayat on page 1
insert into glyphs values(NULL, 1, 1, 1, 1, 1, 0, 800, 0, 104);
insert into glyphs values(NULL, 1, 2, 1, 1, 2, 0, 800, 104, 209);
insert into glyphs values(NULL, 1, 3, 1, 1, 3, 83, 800, 209, 314);
insert into glyphs values(NULL, 1, 3, 1, 2, 1, 0, 83, 209, 314);
insert into glyphs values(NULL, 1, 4, 1, 2, 2, 359, 800, 314, 419);
insert into glyphs values(NULL, 1, 4, 1, 3, 1, 0, 359, 314, 419);
insert into glyphs values(NULL, 1, 5, 1, 3, 2, 749, 800, 419, 524);
insert into glyphs values(NULL, 1, 5, 1, 4, 1, 137, 749, 419, 524);
insert into glyphs values(NULL, 1, 5, 1, 5, 1, 0, 137, 419, 524);
insert into glyphs values(NULL, 1, 6, 1, 5, 2, 401, 800, 524, 629);
insert into glyphs values(NULL, 1, 6, 1, 6, 1, 0, 401, 524, 629);
insert into glyphs values(NULL, 1, 7, 1, 6, 2, 522, 800, 629, 734);
insert into glyphs values(NULL, 1, 7, 1, 7, 1, 0, 522, 629, 734);
insert into glyphs values(NULL, 1, 8, 1, 7, 2, 228, 800, 734, 839);
2.png
/home/tadween/images/800//2.png
found: 8 lines on page 2
found: 4 ayat on page 2
insert into glyphs values(NULL, 2, 1, 2, -1, 1, 0, 800, 0, 105);
insert into glyphs values(NULL, 2, 2, 2, 0, 1, 0, 800, 105, 210);
insert into glyphs values(NULL, 2, 3, 2, 1, 1, 0, 800, 210, 315);
insert into glyphs values(NULL, 2, 4, 2, 1, 2, 581, 800, 315, 420);
insert into glyphs values(NULL, 2, 4, 2, 2, 1, 0, 581, 315, 420);
insert into glyphs values(NULL, 2, 5, 2, 2, 2, 267, 800, 420, 525);
insert into glyphs values(NULL, 2, 5, 2, 3, 1, 0, 267, 420, 525);
insert into glyphs values(NULL, 2, 6, 2, 3, 2, 0, 800, 525, 630);
insert into glyphs values(NULL, 2, 7, 2, 3, 3, 519, 800, 630, 735);
insert into glyphs values(NULL, 2, 7, 2, 4, 1, 0, 519, 630, 735);
insert into glyphs values(NULL, 2, 8, 2, 4, 2, 141, 800, 735, 840);
insert into glyphs values(NULL, 2, 8, 2, 5, 1, 0, 141, 735, 840);
3.png
/home/tadween/images/800//3.png
found: 15 lines on page 3
found: 11 ayat on page 3
insert into glyphs values(NULL, 3, 1, 2, 5, 1, 0, 800, 0, 87);
insert into glyphs values(NULL, 3, 2, 2, 5, 2, 413, 800, 87, 174);
insert into glyphs values(NULL, 3, 2, 2, 6, 1, 0, 413, 87, 174);
insert into glyphs values(NULL, 3, 3, 2, 6, 2, 0, 800, 174, 262);
insert into glyphs values(NULL, 3, 4, 2, 7, 1, 0, 800, 262, 349);
insert into glyphs values(NULL, 3, 5, 2, 7, 2, 629, 800, 349, 436);
insert into glyphs values(NULL, 3, 5, 2, 8, 1, 0, 629, 349, 436);
insert into glyphs values(NULL, 3, 6, 2, 8, 2, 411, 800, 436, 524);
insert into glyphs values(NULL, 3, 6, 2, 9, 1, 0, 411, 436, 524);
insert into glyphs values(NULL, 3, 7, 2, 9, 2, 422, 800, 524, 611);
insert into glyphs values(NULL, 3, 7, 2, 10, 1, 68, 422, 524, 611);
insert into glyphs values(NULL, 3, 7, 2, 11, 1, 0, 68, 524, 611);
insert into glyphs values(NULL, 3, 8, 2, 11, 2, 0, 800, 611, 698);
insert into glyphs values(NULL, 3, 9, 2, 11, 3, 76, 800, 698, 786);
insert into glyphs values(NULL, 3, 9, 2, 12, 1, 0, 76, 698, 786);
insert into glyphs values(NULL, 3, 10, 2, 12, 2, 0, 800, 786, 873);
insert into glyphs values(NULL, 3, 11, 2, 12, 3, 68, 800, 873, 960);
insert into glyphs values(NULL, 3, 11, 2, 13, 1, 0, 68, 873, 960);
insert into glyphs values(NULL, 3, 12, 2, 13, 2, 0, 800, 960, 1048);
insert into glyphs values(NULL, 3, 13, 2, 13, 3, 252, 800, 1048, 1135);
insert into glyphs values(NULL, 3, 13, 2, 14, 1, 0, 252, 1048, 1135);
insert into glyphs values(NULL, 3, 14, 2, 14, 2, 322, 800, 1135, 1222);
insert into glyphs values(NULL, 3, 14, 2, 15, 1, 0, 322, 1135, 1222);
insert into glyphs values(NULL, 3, 15, 2, 15, 2, 0, 800, 1222, 1309);
4.png
/home/tadween/images/800//4.png
found: 15 lines on page 4
found: 8 ayat on page 4
insert into glyphs values(NULL, 4, 1, 2, 16, 1, 0, 800, 0, 86);
insert into glyphs values(NULL, 4, 2, 2, 16, 2, 69, 800, 86, 173);
insert into glyphs values(NULL, 4, 2, 2, 17, 1, 0, 69, 86, 173);
insert into glyphs values(NULL, 4, 3, 2, 17, 2, 375, 800, 173, 259);
insert into glyphs values(NULL, 4, 3, 2, 18, 1, 0, 375, 173, 259);
insert into glyphs values(NULL, 4, 4, 2, 18, 2, 0, 800, 259, 346);
insert into glyphs values(NULL, 4, 5, 2, 18, 3, 83, 800, 346, 433);
insert into glyphs values(NULL, 4, 5, 2, 19, 1, 0, 83, 346, 433);
insert into glyphs values(NULL, 4, 6, 2, 19, 2, 0, 800, 433, 519);
insert into glyphs values(NULL, 4, 7, 2, 19, 3, 0, 800, 519, 606);
insert into glyphs values(NULL, 4, 8, 2, 19, 4, 360, 800, 606, 692);
insert into glyphs values(NULL, 4, 8, 2, 20, 1, 0, 360, 606, 692);
insert into glyphs values(NULL, 4, 9, 2, 20, 2, 96, 800, 692, 779);
insert into glyphs values(NULL, 4, 9, 2, 21, 1, 0, 96, 692, 779);
insert into glyphs values(NULL, 4, 10, 2, 21, 2, 0, 800, 779, 866);
insert into glyphs values(NULL, 4, 11, 2, 21, 3, 0, 800, 866, 952);
insert into glyphs values(NULL, 4, 12, 2, 21, 4, 567, 800, 952, 1039);
insert into glyphs values(NULL, 4, 12, 2, 22, 1, 0, 567, 952, 1039);
insert into glyphs values(NULL, 4, 13, 2, 22, 2, 0, 800, 1039, 1125);
insert into glyphs values(NULL, 4, 14, 2, 22, 3, 465, 800, 1125, 1212);
insert into glyphs values(NULL, 4, 14, 2, 23, 1, 0, 465, 1125, 1212);
insert into glyphs values(NULL, 4, 15, 2, 23, 2, 0, 800, 1212, 1298);
5.png
/home/tadween/images/800//5.png
found: 15 lines on page 5
found: 5 ayat on page 5
insert into glyphs values(NULL, 5, 1, 2, 24, 1, 0, 800, 0, 86);
insert into glyphs values(NULL, 5, 2, 2, 24, 2, 0, 800, 86, 173);
insert into glyphs values(NULL, 5, 3, 2, 24, 3, 0, 800, 173, 260);
insert into glyphs values(NULL, 5, 4, 2, 24, 4, 0, 800, 260, 346);
insert into glyphs values(NULL, 5, 5, 2, 25, 1, 0, 800, 346, 433);
insert into glyphs values(NULL, 5, 6, 2, 25, 2, 0, 800, 433, 520);
insert into glyphs values(NULL, 5, 7, 2, 25, 3, 0, 800, 520, 607);
insert into glyphs values(NULL, 5, 8, 2, 25, 4, 0, 800, 607, 693);
insert into glyphs values(NULL, 5, 9, 2, 25, 5, 328, 800, 693, 780);
insert into glyphs values(NULL, 5, 9, 2, 26, 1, 0, 328, 693, 780);
insert into glyphs values(NULL, 5, 10, 2, 26, 2, 0, 800, 780, 867);
insert into glyphs values(NULL, 5, 11, 2, 26, 3, 0, 800, 867, 954);
insert into glyphs values(NULL, 5, 12, 2, 26, 4, 756, 800, 954, 1040);
insert into glyphs values(NULL, 5, 12, 2, 27, 1, 0, 756, 954, 1040);
insert into glyphs values(NULL, 5, 13, 2, 27, 2, 160, 800, 1040, 1127);
insert into glyphs values(NULL, 5, 13, 2, 28, 1, 0, 160, 1040, 1127);
insert into glyphs values(NULL, 5, 14, 2, 28, 2, 0, 800, 1127, 1214);
insert into glyphs values(NULL, 5, 15, 2, 28, 3, 0, 800, 1214, 1301);
6.png
/home/tadween/images/800//6.png
found: 15 lines on page 6
found: 8 ayat on page 6
insert into glyphs values(NULL, 6, 1, 2, 29, 1, 0, 800, 0, 87);
insert into glyphs values(NULL, 6, 2, 2, 29, 2, 0, 800, 87, 174);
insert into glyphs values(NULL, 6, 3, 2, 29, 3, 144, 800, 174, 261);
insert into glyphs values(NULL, 6, 3, 2, 30, 1, 0, 144, 174, 261);
insert into glyphs values(NULL, 6, 4, 2, 30, 2, 0, 800, 261, 349);
insert into glyphs values(NULL, 6, 5, 2, 30, 3, 405, 800, 349, 436);
insert into glyphs values(NULL, 6, 5, 2, 31, 1, 0, 405, 349, 436);
insert into glyphs values(NULL, 6, 6, 2, 31, 2, 263, 800, 436, 523);
insert into glyphs values(NULL, 6, 6, 2, 32, 1, 0, 263, 436, 523);
insert into glyphs values(NULL, 6, 7, 2, 32, 2, 0, 800, 523, 610);
insert into glyphs values(NULL, 6, 8, 2, 32, 3, 0, 800, 610, 698);
insert into glyphs values(NULL, 6, 9, 2, 32, 4, 758, 800, 698, 785);
insert into glyphs values(NULL, 6, 9, 2, 33, 1, 0, 758, 698, 785);
insert into glyphs values(NULL, 6, 10, 2, 33, 2, 348, 800, 785, 872);
insert into glyphs values(NULL, 6, 10, 2, 34, 1, 0, 348, 785, 872);
insert into glyphs values(NULL, 6, 11, 2, 34, 2, 0, 800, 872, 959);
insert into glyphs values(NULL, 6, 12, 2, 34, 3, 334, 800, 959, 1047);
insert into glyphs values(NULL, 6, 12, 2, 35, 1, 0, 334, 959, 1047);
insert into glyphs values(NULL, 6, 13, 2, 35, 2, 0, 800, 1047, 1134);
insert into glyphs values(NULL, 6, 14, 2, 35, 3, 175, 800, 1134, 1221);
insert into glyphs values(NULL, 6, 14, 2, 36, 1, 0, 175, 1134, 1221);
insert into glyphs values(NULL, 6, 15, 2, 36, 2, 0, 800, 1221, 1309);
7.png
/home/tadween/images/800//7.png
found: 15 lines on page 7
found: 11 ayat on page 7
insert into glyphs values(NULL, 7, 1, 2, 37, 1, 0, 800, 0, 87);
insert into glyphs values(NULL, 7, 2, 2, 37, 2, 316, 800, 87, 174);
insert into glyphs values(NULL, 7, 2, 2, 38, 1, 0, 316, 87, 174);
insert into glyphs values(NULL, 7, 3, 2, 38, 2, 76, 800, 174, 262);
insert into glyphs values(NULL, 7, 3, 2, 39, 1, 0, 76, 174, 262);
insert into glyphs values(NULL, 7, 4, 2, 39, 2, 0, 800, 262, 349);
insert into glyphs values(NULL, 7, 5, 2, 39, 3, 352, 800, 349, 437);
insert into glyphs values(NULL, 7, 5, 2, 40, 1, 0, 352, 349, 437);
insert into glyphs values(NULL, 7, 6, 2, 40, 2, 0, 800, 437, 524);
insert into glyphs values(NULL, 7, 7, 2, 40, 3, 477, 800, 524, 612);
insert into glyphs values(NULL, 7, 7, 2, 41, 1, 0, 477, 524, 612);
insert into glyphs values(NULL, 7, 8, 2, 41, 2, 456, 800, 612, 699);
insert into glyphs values(NULL, 7, 8, 2, 42, 1, 0, 456, 612, 699);
insert into glyphs values(NULL, 7, 9, 2, 42, 2, 434, 800, 699, 787);
insert into glyphs values(NULL, 7, 9, 2, 43, 1, 0, 434, 699, 787);
insert into glyphs values(NULL, 7, 10, 2, 43, 2, 151, 800, 787, 874);
insert into glyphs values(NULL, 7, 10, 2, 44, 1, 0, 151, 787, 874);
insert into glyphs values(NULL, 7, 11, 2, 44, 2, 93, 800, 874, 962);
insert into glyphs values(NULL, 7, 11, 2, 45, 1, 0, 93, 874, 962);
insert into glyphs values(NULL, 7, 12, 2, 45, 2, 81, 800, 962, 1049);
insert into glyphs values(NULL, 7, 12, 2, 46, 1, 0, 81, 962, 1049);
insert into glyphs values(NULL, 7, 13, 2, 46, 2, 0, 800, 1049, 1137);
insert into glyphs values(NULL, 7, 14, 2, 46, 3, 637, 800, 1137, 1224);
insert into glyphs values(NULL, 7, 14, 2, 47, 1, 0, 637, 1137, 1224);
insert into glyphs values(NULL, 7, 15, 2, 47, 2, 0, 800, 1224, 1312);
8.png
/home/tadween/images/800//8.png
found: 15 lines on page 8
found: 9 ayat on page 8
insert into glyphs values(NULL, 8, 1, 2, 48, 1, 0, 800, 0, 86);
insert into glyphs values(NULL, 8, 2, 2, 48, 2, 0, 800, 86, 173);
insert into glyphs values(NULL, 8, 3, 2, 48, 3, 497, 800, 173, 259);
insert into glyphs values(NULL, 8, 3, 2, 49, 1, 0, 497, 173, 259);
insert into glyphs values(NULL, 8, 4, 2, 49, 2, 259, 800, 259, 346);
insert into glyphs values(NULL, 8, 4, 2, 50, 1, 0, 259, 259, 346);
insert into glyphs values(NULL, 8, 5, 2, 50, 2, 0, 800, 346, 433);
insert into glyphs values(NULL, 8, 6, 2, 50, 3, 758, 800, 433, 519);
insert into glyphs values(NULL, 8, 6, 2, 51, 1, 62, 758, 433, 519);
insert into glyphs values(NULL, 8, 6, 2, 52, 1, 0, 62, 433, 519);
insert into glyphs values(NULL, 8, 7, 2, 52, 2, 68, 800, 519, 606);
insert into glyphs values(NULL, 8, 7, 2, 53, 1, 0, 68, 519, 606);
insert into glyphs values(NULL, 8, 8, 2, 53, 2, 0, 800, 606, 692);
insert into glyphs values(NULL, 8, 9, 2, 53, 3, 0, 800, 692, 779);
insert into glyphs values(NULL, 8, 10, 2, 53, 4, 0, 800, 779, 866);
insert into glyphs values(NULL, 8, 11, 2, 53, 5, 758, 800, 866, 952);
insert into glyphs values(NULL, 8, 11, 2, 54, 1, 0, 758, 866, 952);
insert into glyphs values(NULL, 8, 12, 2, 54, 2, 234, 800, 952, 1039);
insert into glyphs values(NULL, 8, 12, 2, 55, 1, 0, 234, 952, 1039);
insert into glyphs values(NULL, 8, 13, 2, 55, 2, 316, 800, 1039, 1125);
insert into glyphs values(NULL, 8, 13, 2, 56, 1, 0, 316, 1039, 1125);
insert into glyphs values(NULL, 8, 14, 2, 56, 2, 0, 800, 1125, 1212);
insert into glyphs values(NULL, 8, 15, 2, 56, 3, 0, 800, 1212, 1298);
9.png
/home/tadween/images/800//9.png
found: 15 lines on page 9
found: 4 ayat on page 9
insert into glyphs values(NULL, 9, 1, 2, 57, 1, 0, 800, 0, 85);
insert into glyphs values(NULL, 9, 2, 2, 57, 2, 0, 800, 85, 171);
insert into glyphs values(NULL, 9, 3, 2, 57, 3, 305, 800, 171, 257);
insert into glyphs values(NULL, 9, 3, 2, 58, 1, 0, 305, 171, 257);
insert into glyphs values(NULL, 9, 4, 2, 58, 2, 0, 800, 257, 343);
insert into glyphs values(NULL, 9, 5, 2, 58, 3, 262, 800, 343, 429);
insert into glyphs values(NULL, 9, 5, 2, 59, 1, 0, 262, 343, 429);
insert into glyphs values(NULL, 9, 6, 2, 59, 2, 0, 800, 429, 515);
insert into glyphs values(NULL, 9, 7, 2, 59, 3, 0, 800, 515, 601);
insert into glyphs values(NULL, 9, 8, 2, 59, 4, 0, 800, 601, 687);
insert into glyphs values(NULL, 9, 9, 2, 59, 5, 758, 800, 687, 773);
insert into glyphs values(NULL, 9, 9, 2, 60, 1, 0, 758, 687, 773);
insert into glyphs values(NULL, 9, 10, 2, 60, 2, 0, 800, 773, 859);
insert into glyphs values(NULL, 9, 11, 2, 60, 3, 0, 800, 859, 945);
insert into glyphs values(NULL, 9, 12, 2, 60, 4, 0, 800, 945, 1031);
insert into glyphs values(NULL, 9, 13, 2, 60, 5, 0, 800, 1031, 1117);
insert into glyphs values(NULL, 9, 14, 2, 60, 6, 0, 800, 1117, 1203);
insert into glyphs values(NULL, 9, 15, 2, 60, 7, 0, 800, 1203, 1289);
10.png
/home/tadween/images/800//10.png
found: 15 lines on page 10
found: 8 ayat on page 10
insert into glyphs values(NULL, 10, 1, 2, 61, 1, 0, 800, 0, 86);
insert into glyphs values(NULL, 10, 2, 2, 61, 2, 0, 800, 86, 173);
insert into glyphs values(NULL, 10, 3, 2, 61, 3, 66, 800, 173, 260);
insert into glyphs values(NULL, 10, 3, 2, 62, 1, 0, 66, 173, 260);
insert into glyphs values(NULL, 10, 4, 2, 62, 2, 0, 800, 260, 347);
insert into glyphs values(NULL, 10, 5, 2, 62, 3, 207, 800, 347, 434);
insert into glyphs values(NULL, 10, 5, 2, 63, 1, 0, 207, 347, 434);
insert into glyphs values(NULL, 10, 6, 2, 63, 2, 0, 800, 434, 521);
insert into glyphs values(NULL, 10, 7, 2, 63, 3, 604, 800, 521, 608);
insert into glyphs values(NULL, 10, 7, 2, 64, 1, 0, 604, 521, 608);
insert into glyphs values(NULL, 10, 8, 2, 64, 2, 263, 800, 608, 694);
insert into glyphs values(NULL, 10, 8, 2, 65, 1, 0, 263, 608, 694);
insert into glyphs values(NULL, 10, 9, 2, 65, 2, 131, 800, 694, 781);
insert into glyphs values(NULL, 10, 9, 2, 66, 1, 0, 131, 694, 781);
insert into glyphs values(NULL, 10, 10, 2, 66, 2, 0, 800, 781, 868);
insert into glyphs values(NULL, 10, 11, 2, 66, 3, 0, 800, 868, 955);
insert into glyphs values(NULL, 10, 12, 2, 66, 4, 757, 800, 955, 1042);
insert into glyphs values(NULL, 10, 12, 2, 67, 1, 0, 757, 955, 1042);
insert into glyphs values(NULL, 10, 13, 2, 67, 2, 0, 800, 1042, 1129);
insert into glyphs values(NULL, 10, 14, 2, 67, 3, 632, 800, 1129, 1216);
insert into glyphs values(NULL, 10, 14, 2, 68, 1, 0, 632, 1129, 1216);
insert into glyphs values(NULL, 10, 15, 2, 68, 2, 0, 800, 1216, 1302);
11.png
/home/tadween/images/800//11.png
